Started at Fri Apr 26 21:34:52 UTC 2019
Checking maven-project
Checking petclinic
Checking petclinic-checkstyle
Checking petclinic-docker-build
Checking petclinic-docker-run
Checking petclinic-nexus
Checking petclinic-pipeline
Checking petclinic-pipeline-script
Checking petclinic-prod
Checking petclinic-sonar
Checking petclinic-uat
Checking petstore
Checking petstore-checkstyle
Checking petstore-docker-build
Checking petstore-nexus
Checking petstore-sonar
Finished at Fri Apr 26 21:34:52 UTC 2019. 1ms
Started at Sat Apr 27 21:34:52 UTC 2019
Checking maven-project
Checking petclinic
Checking petclinic-checkstyle
Checking petclinic-docker-build
Checking petclinic-docker-run
Checking petclinic-nexus
Checking petclinic-pipeline
Checking petclinic-pipeline-script
Checking petclinic-prod
Checking petclinic-sonar
Checking petclinic-uat
Checking petstore
Checking petstore-checkstyle
Checking petstore-docker-build
Checking petstore-nexus
Checking petstore-sonar
Finished at Sat Apr 27 21:34:52 UTC 2019. 2ms
